2013-10-29 11:26:17,359  INFO [AsyncCmdLogTaskThread 4] Maperitive.Gui.Views.CommanderView - Info: > use-ruleset alias=default
2013-10-29 11:26:19,265  WARN [AsyncCmdLogTaskThread 4] Maperitive.Services.PersistedUserSettings - User setting 'map.rendering.shape-def' value read from the store was incompatible and was removed. Reason: Empty shape definition (line=1, col=1)
2013-10-29 11:26:19,468  INFO [AsyncCmdLogTaskThread 4] Maperitive.Gui.Views.CommanderView - Info: Running the script 'D:\DATA\rally\My Documents\Dropbox\OSM_Extracts\Maperitive\Scripts\load_riz_taytay.mscript'...
2013-10-29 11:26:19,500  INFO [AsyncCmdLogTaskThread 4] Maperitive.Gui.Views.CommanderView - Info: > // clear-map
2013-10-29 11:26:19,515  INFO [AsyncCmdLogTaskThread 4] Maperitive.Gui.Views.CommanderView - Info: > // Source 1
2013-10-29 11:26:19,515  INFO [AsyncCmdLogTaskThread 4] Maperitive.Gui.Views.CommanderView - Info: > load-source maps/map_riz_taytay.osm
2013-10-29 11:26:19,687  INFO [AsyncCmdLogTaskThread 4] Maperitive.Gui.Views.CommanderView - Info: Started reading OSM data
2013-10-29 11:26:20,281  INFO [AsyncCmdLogTaskThread 4] Maperitive.Gui.Views.CommanderView - Info: Read 26053 nodes, 5224 ways and 54 relations in total
2013-10-29 11:26:20,343  INFO [AsyncCmdLogTaskThread 4] Maperitive.Gui.Views.CommanderView - Info: > // Source 2
2013-10-29 11:26:20,343  INFO [AsyncCmdLogTaskThread 4] Maperitive.Gui.Views.CommanderView - Info: > //load-source maps/rasters/rizal/riz_hillshading.png
2013-10-29 11:26:20,343  INFO [AsyncCmdLogTaskThread 4] Maperitive.Gui.Views.CommanderView - Info: > // Source 3
2013-10-29 11:26:20,343  INFO [AsyncCmdLogTaskThread 4] Maperitive.Gui.Views.CommanderView - Info: > //load-source maps/rasters/rizal/riz_slopes.png
2013-10-29 11:26:20,343  INFO [AsyncCmdLogTaskThread 4] Maperitive.Gui.Views.CommanderView - Info: > use-ruleset location=Rules/OSM_PH.mrules as-alias=osmph
2013-10-29 11:26:22,515  INFO [Main] Brejc.OsmLibrary.CoastlinesProcessing.CoastlineProcessor - Starting coastline processor...
2013-10-29 11:26:22,687  INFO [Main] Brejc.OsmLibrary.CoastlinesProcessing.CoastlineProcessor - All coastlines are closed
2013-10-29 11:26:22,687  INFO [Main] Brejc.OsmLibrary.CoastlinesProcessing.CoastlineProcessor - Finished coastline processing.
2013-10-29 11:26:25,125  INFO [AsyncCmdLogTaskThread 4] Maperitive.Gui.Views.CommanderView - Info: > apply-ruleset 1
2013-10-29 11:26:25,718  INFO [AsyncCmdLogTaskThread 4] Maperitive.Gui.Views.CommanderView - Info: Running the script 'D:\DATA\rally\My Documents\Dropbox\OSM_Extracts\Maperitive\Scripts\load_ELECTION.mscript'...
2013-10-29 11:26:25,718  INFO [AsyncCmdLogTaskThread 4] Maperitive.Gui.Views.CommanderView - Info: > // Source
2013-10-29 11:26:25,718  INFO [AsyncCmdLogTaskThread 4] Maperitive.Gui.Views.CommanderView - Info: > load-source maps/custom_extracts/riz_taytay_poi_sanjuan-precincts.osm
2013-10-29 11:26:25,781  INFO [AsyncCmdLogTaskThread 4] Maperitive.Gui.Views.CommanderView - Info: Started reading OSM data
2013-10-29 11:26:25,906  INFO [AsyncCmdLogTaskThread 4] Maperitive.Gui.Views.CommanderView - Info: Read 579 nodes, 49 ways and 1 relations in total
2013-10-29 11:26:28,187  INFO [BackgroundTaskThread 3] Maperitive.Updating.CheckForUpdatesTask - App. releases data has been fetched.
2013-10-29 11:26:28,625  INFO [Main] Brejc.OsmLibrary.CoastlinesProcessing.CoastlineProcessor - Starting coastline processor...
2013-10-29 11:26:28,640  INFO [Main] Brejc.OsmLibrary.CoastlinesProcessing.CoastlineProcessor - All coastlines are closed
2013-10-29 11:26:28,640  INFO [Main] Brejc.OsmLibrary.CoastlinesProcessing.CoastlineProcessor - Finished coastline processing.
2013-10-29 11:26:29,328  INFO [AsyncCmdLogTaskThread 4] Maperitive.Gui.Views.CommanderView - Info: > set-source index=2
2013-10-29 11:26:29,328  INFO [AsyncCmdLogTaskThread 4] Maperitive.Gui.Views.CommanderView - Info: > use-ruleset location=Rules/Election.mrules as-alias=election
2013-10-29 11:26:29,406  INFO [Main] Brejc.OsmLibrary.CoastlinesProcessing.CoastlineProcessor - Starting coastline processor...
2013-10-29 11:26:29,421  INFO [Main] Brejc.OsmLibrary.CoastlinesProcessing.CoastlineProcessor - All coastlines are closed
2013-10-29 11:26:29,421  INFO [Main] Brejc.OsmLibrary.CoastlinesProcessing.CoastlineProcessor - Finished coastline processing.
2013-10-29 11:26:31,531  INFO [AsyncCmdLogTaskThread 4] Maperitive.Gui.Views.CommanderView - Info: > apply-ruleset 2
2013-10-29 11:26:32,437  INFO [AsyncCmdLogTaskThread 4] Maperitive.Gui.Views.CommanderView - Info: READY
2013-10-29 11:26:32,468  INFO [Main] Brejc.OsmLibrary.CoastlinesProcessing.CoastlineProcessor - Starting coastline processor...
2013-10-29 11:26:32,484  INFO [Main] Brejc.OsmLibrary.CoastlinesProcessing.CoastlineProcessor - All coastlines are closed
2013-10-29 11:26:32,484  INFO [Main] Brejc.OsmLibrary.CoastlinesProcessing.CoastlineProcessor - Finished coastline processing.
2013-10-29 11:31:11,828  WARN [Main] Karta.Infrastructure.DefaultResourceFetcher - Cannot load resource from file 'D:\DATA\rally\My Documents\Dropbox\OSM_Extracts\Maperitive\icons/SJJB/png/barrier_gate.p.32.png': System.IO.FileNotFoundException: Could not find file 'D:\DATA\rally\My Documents\Dropbox\OSM_Extracts\Maperitive\icons\SJJB\png\barrier_gate.p.32.png'.
File name: 'D:\DATA\rally\My Documents\Dropbox\OSM_Extracts\Maperitive\icons\SJJB\png\barrier_gate.p.32.png'
   at System.IO.__Error.WinIOError(Int32 errorCode, String maybeFullPath)
   at System.IO.FileStream.Init(String path, FileMode mode, FileAccess access, Int32 rights, Boolean useRights, FileShare share, Int32 bufferSize, FileOptions options, SECURITY_ATTRIBUTES secAttrs, String msgPath, Boolean bFromProxy, Boolean useLongPath)
   at System.IO.FileStream..ctor(String path, FileMode mode, FileAccess access, FileShare share)
   at System.IO.File.ReadAllBytes(String path)
   at Brejc.Common.FileSystem.WindowsFileSystem.ReadFileAsBytes(String fileName)
   at Karta.Infrastructure.DefaultResourceFetcher.FetchFileResource(ResourceData& resourceData, IResourcePolicy resourcePolicy)
2013-10-29 11:31:12,140  WARN [Main] Brejc.Geometry.Algorithms.Polygons.BrekiPolygonCenterPointFinder - Error in the icon placement algorithm.
System.NotImplementedException: There are an odd number of crossings, they should be even.
   at Brejc.Geometry.Algorithms.Polygons.BrekiPolygonCenterPointFinder.FindPointInsidePolygon(Double depth, Double startPointX, Double startPointY, IPointD2List polygonPoints, Boolean searchInsideSameSliceOnly, Boolean searchHorizontally)
   at Brejc.Geometry.Algorithms.Polygons.BrekiPolygonCenterPointFinder.FindCenterPoint(IPointD2List polygonPoints)
2013-10-29 11:31:12,140  WARN [Main] Brejc.Geometry.Algorithms.Polygons.BrekiPolygonCenterPointFinder - Error in the icon placement algorithm.
System.NotImplementedException: There are an odd number of crossings, they should be even.
   at Brejc.Geometry.Algorithms.Polygons.BrekiPolygonCenterPointFinder.FindPointInsidePolygon(Double depth, Double startPointX, Double startPointY, IPointD2List polygonPoints, Boolean searchInsideSameSliceOnly, Boolean searchHorizontally)
   at Brejc.Geometry.Algorithms.Polygons.BrekiPolygonCenterPointFinder.FindCenterPoint(IPointD2List polygonPoints)
2013-10-29 12:09:17,078  INFO [Main] Brejc.OsmLibrary.CoastlinesProcessing.CoastlineProcessor - Starting coastline processor...
2013-10-29 12:09:17,078  INFO [Main] Brejc.OsmLibrary.CoastlinesProcessing.CoastlineProcessor - All coastlines are closed
2013-10-29 12:09:17,093  INFO [Main] Brejc.OsmLibrary.CoastlinesProcessing.CoastlineProcessor - Finished coastline processing.
2013-10-29 12:10:19,125  INFO [Main] Brejc.OsmLibrary.CoastlinesProcessing.CoastlineProcessor - Starting coastline processor...
2013-10-29 12:10:19,125  INFO [Main] Brejc.OsmLibrary.CoastlinesProcessing.CoastlineProcessor - All coastlines are closed
2013-10-29 12:10:19,125  INFO [Main] Brejc.OsmLibrary.CoastlinesProcessing.CoastlineProcessor - Finished coastline processing.
2013-10-29 12:24:19,421  INFO [Main] Brejc.OsmLibrary.CoastlinesProcessing.CoastlineProcessor - Starting coastline processor...
2013-10-29 12:24:19,421  INFO [Main] Brejc.OsmLibrary.CoastlinesProcessing.CoastlineProcessor - All coastlines are closed
2013-10-29 12:24:19,421  INFO [Main] Brejc.OsmLibrary.CoastlinesProcessing.CoastlineProcessor - Finished coastline processing.
2013-10-29 12:24:45,968  WARN [Main] Brejc.Geometry.Algorithms.Polygons.BrekiPolygonCenterPointFinder - Error in the icon placement algorithm.
System.NotImplementedException: There are an odd number of crossings, they should be even.
   at Brejc.Geometry.Algorithms.Polygons.BrekiPolygonCenterPointFinder.FindPointInsidePolygon(Double depth, Double startPointX, Double startPointY, IPointD2List polygonPoints, Boolean searchInsideSameSliceOnly, Boolean searchHorizontally)
   at Brejc.Geometry.Algorithms.Polygons.BrekiPolygonCenterPointFinder.FindCenterPoint(IPointD2List polygonPoints)
2013-10-29 12:24:45,984  WARN [Main] Brejc.Geometry.Algorithms.Polygons.BrekiPolygonCenterPointFinder - Error in the icon placement algorithm.
System.NotImplementedException: There are an odd number of crossings, they should be even.
   at Brejc.Geometry.Algorithms.Polygons.BrekiPolygonCenterPointFinder.FindPointInsidePolygon(Double depth, Double startPointX, Double startPointY, IPointD2List polygonPoints, Boolean searchInsideSameSliceOnly, Boolean searchHorizontally)
   at Brejc.Geometry.Algorithms.Polygons.BrekiPolygonCenterPointFinder.FindCenterPoint(IPointD2List polygonPoints)
2013-10-29 12:25:00,875  INFO [Main] Brejc.OsmLibrary.CoastlinesProcessing.CoastlineProcessor - Starting coastline processor...
2013-10-29 12:25:00,875  INFO [Main] Brejc.OsmLibrary.CoastlinesProcessing.CoastlineProcessor - All coastlines are closed
2013-10-29 12:25:00,875  INFO [Main] Brejc.OsmLibrary.CoastlinesProcessing.CoastlineProcessor - Finished coastline processing.
2013-10-29 12:25:01,187  WARN [Main] Brejc.Geometry.Algorithms.Polygons.BrekiPolygonCenterPointFinder - Error in the icon placement algorithm.
System.NotImplementedException: There are an odd number of crossings, they should be even.
   at Brejc.Geometry.Algorithms.Polygons.BrekiPolygonCenterPointFinder.FindPointInsidePolygon(Double depth, Double startPointX, Double startPointY, IPointD2List polygonPoints, Boolean searchInsideSameSliceOnly, Boolean searchHorizontally)
   at Brejc.Geometry.Algorithms.Polygons.BrekiPolygonCenterPointFinder.FindCenterPoint(IPointD2List polygonPoints)
2013-10-29 12:25:01,187  WARN [Main] Brejc.Geometry.Algorithms.Polygons.BrekiPolygonCenterPointFinder - Error in the icon placement algorithm.
System.NotImplementedException: There are an odd number of crossings, they should be even.
   at Brejc.Geometry.Algorithms.Polygons.BrekiPolygonCenterPointFinder.FindPointInsidePolygon(Double depth, Double startPointX, Double startPointY, IPointD2List polygonPoints, Boolean searchInsideSameSliceOnly, Boolean searchHorizontally)
   at Brejc.Geometry.Algorithms.Polygons.BrekiPolygonCenterPointFinder.FindCenterPoint(IPointD2List polygonPoints)
2013-10-29 12:25:12,609  INFO [Main] Brejc.OsmLibrary.CoastlinesProcessing.CoastlineProcessor - Starting coastline processor...
2013-10-29 12:25:12,609  INFO [Main] Brejc.OsmLibrary.CoastlinesProcessing.CoastlineProcessor - All coastlines are closed
2013-10-29 12:25:12,609  INFO [Main] Brejc.OsmLibrary.CoastlinesProcessing.CoastlineProcessor - Finished coastline processing.
2013-10-29 12:25:12,890  WARN [Main] Brejc.Geometry.Algorithms.Polygons.BrekiPolygonCenterPointFinder - Error in the icon placement algorithm.
System.NotImplementedException: There are an odd number of crossings, they should be even.
   at Brejc.Geometry.Algorithms.Polygons.BrekiPolygonCenterPointFinder.FindPointInsidePolygon(Double depth, Double startPointX, Double startPointY, IPointD2List polygonPoints, Boolean searchInsideSameSliceOnly, Boolean searchHorizontally)
   at Brejc.Geometry.Algorithms.Polygons.BrekiPolygonCenterPointFinder.FindCenterPoint(IPointD2List polygonPoints)
2013-10-29 12:25:12,906  WARN [Main] Brejc.Geometry.Algorithms.Polygons.BrekiPolygonCenterPointFinder - Error in the icon placement algorithm.
System.NotImplementedException: There are an odd number of crossings, they should be even.
   at Brejc.Geometry.Algorithms.Polygons.BrekiPolygonCenterPointFinder.FindPointInsidePolygon(Double depth, Double startPointX, Double startPointY, IPointD2List polygonPoints, Boolean searchInsideSameSliceOnly, Boolean searchHorizontally)
   at Brejc.Geometry.Algorithms.Polygons.BrekiPolygonCenterPointFinder.FindCenterPoint(IPointD2List polygonPoints)
2013-10-29 12:26:28,031  INFO [Main] Brejc.OsmLibrary.CoastlinesProcessing.CoastlineProcessor - Starting coastline processor...
2013-10-29 12:26:28,031  INFO [Main] Brejc.OsmLibrary.CoastlinesProcessing.CoastlineProcessor - All coastlines are closed
2013-10-29 12:26:28,031  INFO [Main] Brejc.OsmLibrary.CoastlinesProcessing.CoastlineProcessor - Finished coastline processing.
2013-10-29 14:21:48,265  WARN [Main] Brejc.Geometry.Algorithms.Polygons.BrekiPolygonCenterPointFinder - Error in the icon placement algorithm.
System.NotImplementedException: There are an odd number of crossings, they should be even.
   at Brejc.Geometry.Algorithms.Polygons.BrekiPolygonCenterPointFinder.FindPointInsidePolygon(Double depth, Double startPointX, Double startPointY, IPointD2List polygonPoints, Boolean searchInsideSameSliceOnly, Boolean searchHorizontally)
   at Brejc.Geometry.Algorithms.Polygons.BrekiPolygonCenterPointFinder.FindCenterPoint(IPointD2List polygonPoints)
2013-10-29 14:21:48,265  WARN [Main] Brejc.Geometry.Algorithms.Polygons.BrekiPolygonCenterPointFinder - Error in the icon placement algorithm.
System.NotImplementedException: There are an odd number of crossings, they should be even.
   at Brejc.Geometry.Algorithms.Polygons.BrekiPolygonCenterPointFinder.FindPointInsidePolygon(Double depth, Double startPointX, Double startPointY, IPointD2List polygonPoints, Boolean searchInsideSameSliceOnly, Boolean searchHorizontally)
   at Brejc.Geometry.Algorithms.Polygons.BrekiPolygonCenterPointFinder.FindCenterPoint(IPointD2List polygonPoints)
